<?xml version="1.0" encoding="UTF-8"?>
<testsuites tests="3" failures="0" disabled="0" errors="0" timestamp="2015-09-14T18:33:33" time="0.002" name="AllTests">
  <testsuite name="test_wav" tests="3" failures="0" disabled="0" errors="0" time="0.002">
    <testcase name="wav_file_open_close_fails" status="run" time="0" classname="test_wav" />
    <testcase name="wav_file_open_close_passes" status="run" time="0" classname="test_wav" />
    <testcase name="wav_file_init_stream_params" status="run" time="0.002" classname="test_wav" />
  </testsuite>
</testsuites>
